2025-03-11 22:10:56,043 - database_log_logger - INFO - Database initialized successfully.
2025-03-11 22:11:23,320 - database_log_logger - INFO - Database initialized successfully.
2025-03-11 22:11:36,024 - database_log_logger - INFO - Retrieved chat history for session 
2025-03-11 22:11:39,488 - database_log_logger - INFO - Retrieved chat history for session 
2025-03-11 22:12:01,863 - database_log_logger - INFO - Retrieved chat history for session           
2025-03-11 22:12:08,106 - database_log_logger - INFO - Retrieved chat history for session 
2025-03-11 22:14:51,460 - database_log_logger - INFO - Database initialized successfully.
2025-03-17 19:37:12,329 - database_log_logger - INFO - Chat history DB initialized.
2025-03-17 19:37:58,349 - database_log_logger - INFO - Chat history DB initialized.
2025-03-17 19:45:09,765 - database_log_logger - INFO - Chat history DB initialized.
2025-03-17 19:45:54,521 - database_log_logger - INFO - Chat history DB initialized.
2025-03-17 19:53:53,656 - database_log_logger - INFO - Chat history DB initialized.
2025-03-17 19:54:21,924 - database_log_logger - INFO - Chat entry added for session session-2.
2025-03-17 19:55:04,208 - database_log_logger - INFO - Chat entry added for session session-2.
2025-03-17 19:55:58,358 - database_log_logger - INFO - Chat history cleared for session session-2.
2025-03-17 19:57:04,834 - database_log_logger - INFO - Chat entry added for session session-2.
2025-03-17 19:57:15,315 - database_log_logger - INFO - Chat history cleared for session session-2.
2025-03-17 19:57:18,786 - database_log_logger - INFO - Chat entry added for session session-2.
2025-03-17 19:58:25,774 - database_log_logger - INFO - Chat history cleared for session session-2.
2025-03-17 19:58:33,446 - database_log_logger - INFO - Chat entry added for session session-2.
2025-03-17 19:59:11,807 - database_log_logger - INFO - Chat entry added for session session-2.
2025-03-17 19:59:21,640 - database_log_logger - INFO - Chat entry added for session session-2.
2025-03-17 19:59:58,356 - database_log_logger - INFO - Chat entry added for session session-2.
2025-03-17 20:00:45,805 - database_log_logger - INFO - Chat history cleared for session session-2.
2025-03-17 20:00:55,757 - database_log_logger - INFO - Chat entry added for session session-2.
2025-03-17 20:02:05,015 - database_log_logger - INFO - Chat history cleared for session session-2.
2025-03-17 20:02:10,493 - database_log_logger - INFO - Chat entry added for session session-2.
2025-03-17 20:04:50,619 - database_log_logger - INFO - Chat history cleared for session session-2.
2025-03-17 20:04:56,279 - database_log_logger - INFO - Chat entry added for session session-2.
2025-03-17 20:05:15,987 - database_log_logger - INFO - Chat history cleared for session session-2.
2025-03-17 20:05:19,000 - database_log_logger - INFO - Chat entry added for session session-2.
2025-03-17 20:05:22,900 - database_log_logger - INFO - Chat history cleared for session session-2.
2025-03-17 20:05:28,690 - database_log_logger - INFO - Chat entry added for session session-2.
2025-03-17 20:06:54,616 - database_log_logger - INFO - Chat history cleared for session session-2.
2025-03-17 20:07:01,041 - database_log_logger - INFO - Chat entry added for session session-2.
2025-03-17 20:07:36,716 - database_log_logger - INFO - Chat history cleared for session session-2.
2025-03-17 20:07:43,955 - database_log_logger - INFO - Chat entry added for session session-2.
2025-03-17 20:07:56,808 - database_log_logger - INFO - Chat entry added for session session-2.
2025-03-17 20:09:29,506 - database_log_logger - INFO - Chat entry added for session session-2.
2025-03-17 20:09:44,173 - database_log_logger - INFO - Chat history cleared for session session-2.
2025-03-17 20:09:46,718 - database_log_logger - INFO - Chat entry added for session session-2.
2025-03-19 16:30:36,788 - database_log_logger - INFO - Chat history DB initialized.
2025-03-19 16:31:22,866 - database_log_logger - INFO - Chat history DB initialized.
2025-03-19 16:32:45,812 - database_log_logger - INFO - Chat entry added for session session-3.
